build/outputs/logs/manifest-merger-debug-report.txt
-- Merging decision tree log ---
manifest
ADDED from superwechat\AndroidManifest.xml:2:1-364:12
	xmlns:android
		ADDED from superwechat\AndroidManifest.xml:2:11-69
	package
		ADDED from superwechat\AndroidManifest.xml:3:5-37
	android:versionName
		ADDED from superwechat\AndroidManifest.xml:5:5-32
		INJECTED from superwechat\AndroidManifest.xml
		INJECTED from superwechat\AndroidManifest.xml
	android:versionCode
		ADDED from superwechat\AndroidManifest.xml:4:5-29
		INJECTED from superwechat\AndroidManifest.xml
		INJECTED from superwechat\AndroidManifest.xml
uses-sdk
ADDED from superwechat\AndroidManifest.xml:7:5-9:41
	android:targetSdkVersion
		ADDED from superwechat\AndroidManifest.xml:9:9-38
	android:minSdkVersion
		ADDED from superwechat\AndroidManifest.xml:8:9-34
uses-permission#android.permission.VIBRATE
ADDED from superwechat\AndroidManifest.xml:11:5-66
	android:name
		ADDED from superwechat\AndroidManifest.xml:11:22-63
uses-permission#android.permission.INTERNET
ADDED from superwechat\AndroidManifest.xml:12:5-67
	android:name
		ADDED from superwechat\AndroidManifest.xml:12:22-64
uses-permission#android.permission.RECORD_AUDIO
ADDED from superwechat\AndroidManifest.xml:13:5-71
	android:name
		ADDED from superwechat\AndroidManifest.xml:13:22-68
uses-permission#android.permission.CAMERA
ADDED from superwechat\AndroidManifest.xml:14:5-65
	android:name
		ADDED from superwechat\AndroidManifest.xml:14:22-62
uses-permission#android.permission.ACCESS_NETWORK_STATE
ADDED from superwechat\AndroidManifest.xml:15:5-79
	android:name
		ADDED from superwechat\AndroidManifest.xml:15:22-76
uses-permission#android.permission.WRITE_EXTERNAL_STORAGE
ADDED from superwechat\AndroidManifest.xml:16:5-81
	android:name
		ADDED from superwechat\AndroidManifest.xml:16:22-78
uses-permission#android.permission.MOUNT_UNMOUNT_FILESYSTEMS
ADDED from superwechat\AndroidManifest.xml:17:5-84
	android:name
		ADDED from superwechat\AndroidManifest.xml:17:22-81
uses-permission#android.permission.ACCESS_FINE_LOCATION
ADDED from superwechat\AndroidManifest.xml:18:5-79
	android:name
		ADDED from superwechat\AndroidManifest.xml:18:22-76
uses-permission#android.permission.GET_TASKS
ADDED from superwechat\AndroidManifest.xml:19:5-68
	android:name
		ADDED from superwechat\AndroidManifest.xml:19:22-65
uses-permission#android.permission.ACCESS_WIFI_STATE
ADDED from superwechat\AndroidManifest.xml:20:5-76
	android:name
		ADDED from superwechat\AndroidManifest.xml:20:22-73
uses-permission#android.permission.CHANGE_WIFI_STATE
ADDED from superwechat\AndroidManifest.xml:21:5-76
	android:name
		ADDED from superwechat\AndroidManifest.xml:21:22-73
uses-permission#android.permission.WAKE_LOCK
ADDED from superwechat\AndroidManifest.xml:22:5-68
	android:name
		ADDED from superwechat\AndroidManifest.xml:22:22-65
uses-permission#android.permission.MODIFY_AUDIO_SETTINGS
ADDED from superwechat\AndroidManifest.xml:23:5-80
	android:name
		ADDED from superwechat\AndroidManifest.xml:23:22-77
uses-permission#android.permission.READ_PHONE_STATE
ADDED from superwechat\AndroidManifest.xml:24:5-75
	android:name
		ADDED from superwechat\AndroidManifest.xml:24:22-72
uses-permission#android.permission.RECEIVE_BOOT_COMPLETED
ADDED from superwechat\AndroidManifest.xml:25:5-81
	android:name
		ADDED from superwechat\AndroidManifest.xml:25:22-78
uses-permission#android.permission.GET_ACCOUNTS
ADDED from superwechat\AndroidManifest.xml:26:5-71
	android:name
		ADDED from superwechat\AndroidManifest.xml:26:22-68
uses-permission#android.permission.USE_CREDENTIALS
ADDED from superwechat\AndroidManifest.xml:27:5-74
	android:name
		ADDED from superwechat\AndroidManifest.xml:27:22-71
uses-permission#android.permission.MANAGE_ACCOUNTS
ADDED from superwechat\AndroidManifest.xml:28:5-74
	android:name
		ADDED from superwechat\AndroidManifest.xml:28:22-71
uses-permission#android.permission.AUTHENTICATE_ACCOUNTS
ADDED from superwechat\AndroidManifest.xml:29:5-80
	android:name
		ADDED from superwechat\AndroidManifest.xml:29:22-77
uses-permission#com.android.launcher.permission.READ_SETTINGS
ADDED from superwechat\AndroidManifest.xml:30:5-85
	android:name
		ADDED from superwechat\AndroidManifest.xml:30:22-82
uses-permission#android.permission.BROADCAST_STICKY
ADDED from superwechat\AndroidManifest.xml:31:5-75
	android:name
		ADDED from superwechat\AndroidManifest.xml:31:22-72
uses-permission#android.permission.WRITE_SETTINGS
ADDED from superwechat\AndroidManifest.xml:32:5-73
	android:name
		ADDED from superwechat\AndroidManifest.xml:32:22-70
uses-permission#com.google.android.c2dm.permission.RECEIVE
ADDED from superwechat\AndroidManifest.xml:34:5-82
	android:name
		ADDED from superwechat\AndroidManifest.xml:34:22-79
permission#com.easemob.chatuidemo.permission.C2D_MESSAGE
ADDED from superwechat\AndroidManifest.xml:36:5-37:47
	android:protectionLevel
		ADDED from superwechat\AndroidManifest.xml:37:9-44
	android:name
		ADDED from superwechat\AndroidManifest.xml:36:17-77
uses-permission#com.easemob.chatuidemo.permission.C2D_MESSAGE
ADDED from superwechat\AndroidManifest.xml:38:5-85
	android:name
		ADDED from superwechat\AndroidManifest.xml:38:22-82
application
ADDED from superwechat\AndroidManifest.xml:41:5-362:25
	android:label
		ADDED from superwechat\AndroidManifest.xml:45:9-41
	android:allowBackup
		ADDED from superwechat\AndroidManifest.xml:43:9-35
	android:icon
		ADDED from superwechat\AndroidManifest.xml:44:9-45
	android:name
		ADDED from superwechat\AndroidManifest.xml:42:9-39
activity#com.easemob.chatuidemo.activity.MainActivity
ADDED from superwechat\AndroidManifest.xml:46:9-52:20
	android:windowSoftInputMode
		ADDED from superwechat\AndroidManifest.xml:51:13-52
	android:screenOrientation
		ADDED from superwechat\AndroidManifest.xml:49:13-49
	android:theme
		ADDED from superwechat\AndroidManifest.xml:50:13-52
	android:name
		ADDED from superwechat\AndroidManifest.xml:47:13-50
	android:launchMode
		ADDED from superwechat\AndroidManifest.xml:48:13-44
activity#com.easemob.chatuidemo.activity.SplashActivity
ADDED from superwechat\AndroidManifest.xml:55:9-64:20
	android:screenOrientation
		ADDED from superwechat\AndroidManifest.xml:57:13-49
	android:theme
		ADDED from superwechat\AndroidManifest.xml:58:13-52
	android:name
		ADDED from superwechat\AndroidManifest.xml:56:13-52
intent-filter#android.intent.action.MAIN+android.intent.category.LAUNCHER
ADDED from superwechat\AndroidManifest.xml:59:13-63:29
action#android.intent.action.MAIN
ADDED from superwechat\AndroidManifest.xml:60:17-69
	android:name
		ADDED from superwechat\AndroidManifest.xml:60:25-66
category#android.intent.category.LAUNCHER
ADDED from superwechat\AndroidManifest.xml:62:17-77
	android:name
		ADDED from superwechat\AndroidManifest.xml:62:27-74
activity#com.easemob.chatuidemo.activity.LoginActivity
ADDED from superwechat\AndroidManifest.xml:67:9-72:20
	android:windowSoftInputMode
		ADDED from superwechat\AndroidManifest.xml:71:13-68
	android:screenOrientation
		ADDED from superwechat\AndroidManifest.xml:69:13-49
	android:theme
		ADDED from superwechat\AndroidManifest.xml:70:13-52
	android:name
		ADDED from superwechat\AndroidManifest.xml:68:13-51
activity#com.easemob.chatuidemo.activity.RegisterActivity
ADDED from superwechat\AndroidManifest.xml:75:9-80:20
	android:windowSoftInputMode
		ADDED from superwechat\AndroidManifest.xml:79:13-68
	android:screenOrientation
		ADDED from superwechat\AndroidManifest.xml:77:13-49
	android:theme
		ADDED from superwechat\AndroidManifest.xml:78:13-52
	android:name
		ADDED from superwechat\AndroidManifest.xml:76:13-54
activity#com.easemob.chatuidemo.activity.ChatActivity
ADDED from superwechat\AndroidManifest.xml:82:9-88:20
	android:windowSoftInputMode
		ADDED from superwechat\AndroidManifest.xml:87:13-55
	android:screenOrientation
		ADDED from superwechat\AndroidManifest.xml:85:13-49
	android:theme
		ADDED from superwechat\AndroidManifest.xml:86:13-52
	android:name
		ADDED from superwechat\AndroidManifest.xml:83:13-50
	android:launchMode
		ADDED from superwechat\AndroidManifest.xml:84:13-43
activity#com.easemob.chatuidemo.activity.AddContactActivity
ADDED from superwechat\AndroidManifest.xml:90:9-95:20
	android:windowSoftInputMode
		ADDED from superwechat\AndroidManifest.xml:93:13-55
	android:screenOrientation
		ADDED from superwechat\AndroidManifest.xml:92:13-49
	android:theme
		ADDED from superwechat\AndroidManifest.xml:94:13-52
	android:name
		ADDED from superwechat\AndroidManifest.xml:91:13-56
activity#com.easemob.chatuidemo.activity.GroupDetailsActivity
ADDED from superwechat\AndroidManifest.xml:97:9-101:20
	android:screenOrientation
		ADDED from superwechat\AndroidManifest.xml:99:13-49
	android:theme
		ADDED from superwechat\AndroidManifest.xml:100:13-52
	android:name
		ADDED from superwechat\AndroidManifest.xml:98:13-58
activity#com.easemob.chatuidemo.activity.GroupsActivity
ADDED from superwechat\AndroidManifest.xml:103:9-108:20
	android:windowSoftInputMode
		ADDED from superwechat\AndroidManifest.xml:107:13-52
	android:screenOrientation
		ADDED from superwechat\AndroidManifest.xml:105:13-49
	android:theme
		ADDED from superwechat\AndroidManifest.xml:106:13-52
	android:name
		ADDED from superwechat\AndroidManifest.xml:104:13-52
activity#com.easemob.chatuidemo.activity.ChatRoomActivity
ADDED from superwechat\AndroidManifest.xml:110:9-115:20
	android:windowSoftInputMode
		ADDED from superwechat\AndroidManifest.xml:114:13-52
	android:screenOrientation
		ADDED from superwechat\AndroidManifest.xml:112:13-49
	android:theme
		ADDED from superwechat\AndroidManifest.xml:113:13-52
	android:name
		ADDED from superwechat\AndroidManifest.xml:111:13-54
activity#com.easemob.chatuidemo.activity.ChatRoomDetailsActivity
ADDED from superwechat\AndroidManifest.xml:117:9-121:20
	android:screenOrientation
		ADDED from superwechat\AndroidManifest.xml:119:13-49
	android:theme
		ADDED from superwechat\AndroidManifest.xml:120:13-52
	android:name
		ADDED from superwechat\AndroidManifest.xml:118:13-61
activity#com.easemob.chatuidemo.activity.NewGroupActivity
ADDED from superwechat\AndroidManifest.xml:124:9-129:20
	android:windowSoftInputMode
		ADDED from superwechat\AndroidManifest.xml:128:13-52
	android:screenOrientation
		ADDED from superwechat\AndroidManifest.xml:126:13-49
	android:theme
		ADDED from superwechat\AndroidManifest.xml:127:13-52
	android:name
		ADDED from superwechat\AndroidManifest.xml:125:13-54
activity#com.easemob.chatuidemo.activity.ExitGroupDialog
ADDED from superwechat\AndroidManifest.xml:131:9-135:20
	android:screenOrientation
		ADDED from superwechat\AndroidManifest.xml:133:13-49
	android:theme
		ADDED from superwechat\AndroidManifest.xml:134:13-55
	android:name
		ADDED from superwechat\AndroidManifest.xml:132:13-53
activity#com.easemob.chatuidemo.activity.GroupPickContactsActivity
ADDED from superwechat\AndroidManifest.xml:137:9-142:20
	android:windowSoftInputMode
		ADDED from superwechat\AndroidManifest.xml:141:13-52
	android:screenOrientation
		ADDED from superwechat\AndroidManifest.xml:139:13-49
	android:theme
		ADDED from superwechat\AndroidManifest.xml:140:13-52
	android:name
		ADDED from superwechat\AndroidManifest.xml:138:13-63
activity#com.easemob.chatuidemo.activity.BaiduMapActivity
ADDED from superwechat\AndroidManifest.xml:144:9-148:20
	android:screenOrientation
		ADDED from superwechat\AndroidManifest.xml:146:13-49
	android:theme
		ADDED from superwechat\AndroidManifest.xml:147:13-52
	android:name
		ADDED from superwechat\AndroidManifest.xml:145:13-76
activity#com.easemob.chatuidemo.activity.NewFriendsMsgActivity
ADDED from superwechat\AndroidManifest.xml:151:9-155:20
	android:screenOrientation
		ADDED from superwechat\AndroidManifest.xml:153:13-49
	android:theme
		ADDED from superwechat\AndroidManifest.xml:154:13-52
	android:name
		ADDED from superwechat\AndroidManifest.xml:152:13-59
activity#com.easemob.chatuidemo.activity.ForwardMessageActivity
ADDED from superwechat\AndroidManifest.xml:157:9-162:20
	android:windowSoftInputMode
		ADDED from superwechat\AndroidManifest.xml:161:13-52
	android:screenOrientation
		ADDED from superwechat\AndroidManifest.xml:159:13-49
	android:theme
		ADDED from superwechat\AndroidManifest.xml:160:13-52
	android:name
		ADDED from superwechat\AndroidManifest.xml:158:13-60
activity#com.easemob.chatuidemo.activity.ContextMenu
ADDED from superwechat\AndroidManifest.xml:164:9-168:20
	android:screenOrientation
		ADDED from superwechat\AndroidManifest.xml:166:13-49
	android:theme
		ADDED from superwechat\AndroidManifest.xml:167:13-49
	android:name
		ADDED from superwechat\AndroidManifest.xml:165:13-49
activity#com.easemob.chatuidemo.activity.AlertDialog
ADDED from superwechat\AndroidManifest.xml:170:9-174:20
	android:screenOrientation
		ADDED from superwechat\AndroidManifest.xml:172:13-49
	android:theme
		ADDED from superwechat\AndroidManifest.xml:173:13-49
	android:name
		ADDED from superwechat\AndroidManifest.xml:171:13-49
activity#com.easemob.chatuidemo.activity.ShowBigImage
ADDED from superwechat\AndroidManifest.xml:176:9-180:20
	android:screenOrientation
		ADDED from superwechat\AndroidManifest.xml:178:13-49
	android:theme
		ADDED from superwechat\AndroidManifest.xml:179:13-52
	android:name
		ADDED from superwechat\AndroidManifest.xml:177:13-50
activity#com.easemob.chatuidemo.activity.ShowNormalFileActivity
ADDED from superwechat\AndroidManifest.xml:182:9-186:20
	android:screenOrientation
		ADDED from superwechat\AndroidManifest.xml:184:13-49
	android:theme
		ADDED from superwechat\AndroidManifest.xml:185:13-52
	android:name
		ADDED from superwechat\AndroidManifest.xml:183:13-60
activity#com.easemob.chatuidemo.activity.BlacklistActivity
ADDED from superwechat\AndroidManifest.xml:188:9-192:20
	android:screenOrientation
		ADDED from superwechat\AndroidManifest.xml:190:13-49
	android:theme
		ADDED from superwechat\AndroidManifest.xml:191:13-52
	android:name
		ADDED from superwechat\AndroidManifest.xml:189:13-55
activity#com.easemob.chatuidemo.activity.PublicGroupsActivity
ADDED from superwechat\AndroidManifest.xml:195:9-200:20
	android:windowSoftInputMode
		ADDED from superwechat\AndroidManifest.xml:199:13-52
	android:screenOrientation
		ADDED from superwechat\AndroidManifest.xml:197:13-49
	android:theme
		ADDED from superwechat\AndroidManifest.xml:198:13-52
	android:name
		ADDED from superwechat\AndroidManifest.xml:196:13-58
activity#com.easemob.chatuidemo.activity.PublicChatRoomsActivity
ADDED from superwechat\AndroidManifest.xml:202:9-207:20
	android:windowSoftInputMode
		ADDED from superwechat\AndroidManifest.xml:206:13-52
	android:screenOrientation
		ADDED from superwechat\AndroidManifest.xml:204:13-49
	android:theme
		ADDED from superwechat\AndroidManifest.xml:205:13-52
	android:name
		ADDED from superwechat\AndroidManifest.xml:203:13-61
activity#com.easemob.chatuidemo.activity.VoiceCallActivity
ADDED from superwechat\AndroidManifest.xml:210:9-215:20
	android:screenOrientation
		ADDED from superwechat\AndroidManifest.xml:212:13-49
	android:theme
		ADDED from superwechat\AndroidManifest.xml:214:13-48
	android:name
		ADDED from superwechat\AndroidManifest.xml:211:13-55
	android:launchMode
		ADDED from superwechat\AndroidManifest.xml:213:13-44
activity#com.easemob.chatuidemo.activity.VideoCallActivity
ADDED from superwechat\AndroidManifest.xml:217:9-223:20
	android:screenOrientation
		ADDED from superwechat\AndroidManifest.xml:220:13-49
	android:configChanges
		ADDED from superwechat\AndroidManifest.xml:219:13-74
	android:theme
		ADDED from superwechat\AndroidManifest.xml:222:13-52
	android:name
		ADDED from superwechat\AndroidManifest.xml:218:13-55
	android:launchMode
		ADDED from superwechat\AndroidManifest.xml:221:13-44
activity#com.easemob.chatuidemo.activity.GroupSimpleDetailActivity
ADDED from superwechat\AndroidManifest.xml:225:9-229:20
	android:screenOrientation
		ADDED from superwechat\AndroidManifest.xml:227:13-49
	android:theme
		ADDED from superwechat\AndroidManifest.xml:228:13-52
	android:name
		ADDED from superwechat\AndroidManifest.xml:226:13-63
activity#com.easemob.chatuidemo.activity.GroupBlacklistActivity
ADDED from superwechat\AndroidManifest.xml:231:9-235:20
	android:screenOrientation
		ADDED from superwechat\AndroidManifest.xml:233:13-49
	android:theme
		ADDED from superwechat\AndroidManifest.xml:234:13-52
	android:name
		ADDED from superwechat\AndroidManifest.xml:232:13-60
activity#com.easemob.chatuidemo.activity.PublicGroupsSeachActivity
ADDED from superwechat\AndroidManifest.xml:236:9-240:20
	android:screenOrientation
		ADDED from superwechat\AndroidManifest.xml:238:13-49
	android:theme
		ADDED from superwechat\AndroidManifest.xml:239:13-52
	android:name
		ADDED from superwechat\AndroidManifest.xml:237:13-63
activity#com.easemob.chatuidemo.activity.EditActivity
ADDED from superwechat\AndroidManifest.xml:241:9-246:20
	android:windowSoftInputMode
		ADDED from superwechat\AndroidManifest.xml:245:13-55
	android:screenOrientation
		ADDED from superwechat\AndroidManifest.xml:243:13-49
	android:theme
		ADDED from superwechat\AndroidManifest.xml:244:13-52
	android:name
		ADDED from superwechat\AndroidManifest.xml:242:13-50
activity#com.easemob.chatuidemo.activity.ShowVideoActivity
ADDED from superwechat\AndroidManifest.xml:247:9-252:20
	android:windowSoftInputMode
		ADDED from superwechat\AndroidManifest.xml:251:13-60
	android:screenOrientation
		ADDED from superwechat\AndroidManifest.xml:249:13-49
	android:theme
		ADDED from superwechat\AndroidManifest.xml:250:13-52
	android:name
		ADDED from superwechat\AndroidManifest.xml:248:13-55
activity#com.easemob.chatuidemo.activity.ImageGridActivity
ADDED from superwechat\AndroidManifest.xml:254:9-259:20
	android:windowSoftInputMode
		ADDED from superwechat\AndroidManifest.xml:258:13-60
	android:screenOrientation
		ADDED from superwechat\AndroidManifest.xml:256:13-49
	android:theme
		ADDED from superwechat\AndroidManifest.xml:257:13-52
	android:name
		ADDED from superwechat\AndroidManifest.xml:255:13-55
activity#com.easemob.chatuidemo.activity.RecorderVideoActivity
ADDED from superwechat\AndroidManifest.xml:260:9-265:20
	android:windowSoftInputMode
		ADDED from superwechat\AndroidManifest.xml:264:13-60
	android:screenOrientation
		ADDED from superwechat\AndroidManifest.xml:262:13-49
	android:theme
		ADDED from superwechat\AndroidManifest.xml:263:13-52
	android:name
		ADDED from superwechat\AndroidManifest.xml:261:13-59
activity#com.easemob.chatuidemo.activity.DiagnoseActivity
ADDED from superwechat\AndroidManifest.xml:267:9-272:20
	android:windowSoftInputMode
		ADDED from superwechat\AndroidManifest.xml:271:13-60
	android:screenOrientation
		ADDED from superwechat\AndroidManifest.xml:269:13-49
	android:theme
		ADDED from superwechat\AndroidManifest.xml:270:13-52
	android:name
		ADDED from superwechat\AndroidManifest.xml:268:13-54
activity#com.easemob.chatuidemo.activity.OfflinePushNickActivity
ADDED from superwechat\AndroidManifest.xml:275:9-280:20
	android:windowSoftInputMode
		ADDED from superwechat\AndroidManifest.xml:279:13-60
	android:screenOrientation
		ADDED from superwechat\AndroidManifest.xml:277:13-49
	android:theme
		ADDED from superwechat\AndroidManifest.xml:278:13-52
	android:name
		ADDED from superwechat\AndroidManifest.xml:276:13-61
activity#com.easemob.chatuidemo.activity.RobotsActivity
ADDED from superwechat\AndroidManifest.xml:282:9-287:25
	android:windowSoftInputMode
		ADDED from superwechat\AndroidManifest.xml:286:13-60
	android:screenOrientation
		ADDED from superwechat\AndroidManifest.xml:284:13-49
	android:theme
		ADDED from superwechat\AndroidManifest.xml:285:13-52
	android:name
		ADDED from superwechat\AndroidManifest.xml:283:13-52
activity#com.easemob.chatuidemo.activity.UserProfileActivity
ADDED from superwechat\AndroidManifest.xml:289:3-293:19
	android:screenOrientation
		ADDED from superwechat\AndroidManifest.xml:291:7-43
	android:theme
		ADDED from superwechat\AndroidManifest.xml:292:7-46
	android:name
		ADDED from superwechat\AndroidManifest.xml:290:7-51
receiver#com.easemob.chat.StartServiceReceiver
ADDED from superwechat\AndroidManifest.xml:296:9-303:20
	android:name
		ADDED from superwechat\AndroidManifest.xml:296:19-71
intent-filter#android.intent.action.BOOT_COMPLETED+android.intent.action.QUICKBOOT_POWERON+android.intent.category.LAUNCHER
ADDED from superwechat\AndroidManifest.xml:297:13-302:29
	android:priority
		ADDED from superwechat\AndroidManifest.xml:297:28-51
action#android.intent.action.BOOT_COMPLETED
ADDED from superwechat\AndroidManifest.xml:298:17-79
	android:name
		ADDED from superwechat\AndroidManifest.xml:298:25-76
action#android.intent.action.QUICKBOOT_POWERON
ADDED from superwechat\AndroidManifest.xml:299:17-82
	android:name
		ADDED from superwechat\AndroidManifest.xml:299:25-79
receiver#com.easemob.chat.EMGCMBroadcastReceiver
ADDED from superwechat\AndroidManifest.xml:306:9-314:20
	android:exported
		ADDED from superwechat\AndroidManifest.xml:308:13-36
	android:permission
		ADDED from superwechat\AndroidManifest.xml:309:13-73
	android:name
		ADDED from superwechat\AndroidManifest.xml:307:13-67
intent-filter#com.easemob.chatuidemo+com.google.android.c2dm.intent.RECEIVE
ADDED from superwechat\AndroidManifest.xml:310:13-313:29
action#com.google.android.c2dm.intent.RECEIVE
ADDED from superwechat\AndroidManifest.xml:311:17-81
	android:name
		ADDED from superwechat\AndroidManifest.xml:311:25-78
category#com.easemob.chatuidemo
ADDED from superwechat\AndroidManifest.xml:312:17-67
	android:name
		ADDED from superwechat\AndroidManifest.xml:312:27-64
service#com.easemob.chat.EMGCMListenerService
ADDED from superwechat\AndroidManifest.xml:316:9-318:19
	android:exported
		ADDED from superwechat\AndroidManifest.xml:317:13-37
	android:name
		ADDED from superwechat\AndroidManifest.xml:316:18-70
receiver#com.easemob.chatuidemo.receiver.GCMPushBroadCast
ADDED from superwechat\AndroidManifest.xml:320:9-327:20
	android:exported
		ADDED from superwechat\AndroidManifest.xml:322:13-37
	android:name
		ADDED from superwechat\AndroidManifest.xml:321:13-76
intent-filter#com.easemob.chatuidemo+com.easemob.sdk.push
ADDED from superwechat\AndroidManifest.xml:323:13-326:29
action#com.easemob.sdk.push
ADDED from superwechat\AndroidManifest.xml:324:17-62
	android:name
		ADDED from superwechat\AndroidManifest.xml:324:25-60
meta-data#EASEMOB_APPKEY
ADDED from superwechat\AndroidManifest.xml:331:9-333:55
	android:name
		ADDED from superwechat\AndroidManifest.xml:332:13-42
	android:value
		ADDED from superwechat\AndroidManifest.xml:333:13-52
service#com.easemob.chat.EMChatService
ADDED from superwechat\AndroidManifest.xml:335:9-65
	android:name
		ADDED from superwechat\AndroidManifest.xml:335:18-63
receiver#com.easemob.chat.EMMonitorReceiver
ADDED from superwechat\AndroidManifest.xml:337:9-346:20
	android:name
		ADDED from superwechat\AndroidManifest.xml:337:19-68
intent-filter#android.intent.action.PACKAGE_REMOVED
ADDED from superwechat\AndroidManifest.xml:338:13-341:29
action#android.intent.action.PACKAGE_REMOVED
ADDED from superwechat\AndroidManifest.xml:339:17-79
	android:name
		ADDED from superwechat\AndroidManifest.xml:339:25-77
data
ADDED from superwechat\AndroidManifest.xml:340:17-49
	android:scheme
		ADDED from superwechat\AndroidManifest.xml:340:23-47
intent-filter#android.intent.action.BOOT_COMPLETED+android.intent.action.USER_PRESENT
ADDED from superwechat\AndroidManifest.xml:342:13-345:29
action#android.intent.action.USER_PRESENT
ADDED from superwechat\AndroidManifest.xml:344:17-77
	android:name
		ADDED from superwechat\AndroidManifest.xml:344:25-74
service#com.baidu.location.f
ADDED from superwechat\AndroidManifest.xml:349:9-352:41
	android:process
		ADDED from superwechat\AndroidManifest.xml:352:13-38
	android:enabled
		ADDED from superwechat\AndroidManifest.xml:351:13-35
	android:name
		ADDED from superwechat\AndroidManifest.xml:350:13-48
meta-data#UMENG_APPKEY
ADDED from superwechat\AndroidManifest.xml:354:9-357:21
	android:name
		ADDED from superwechat\AndroidManifest.xml:355:13-40
	android:value
		ADDED from superwechat\AndroidManifest.xml:356:13-53
meta-data#com.baidu.lbsapi.API_KEY
ADDED from superwechat\AndroidManifest.xml:358:9-360:64
	android:name
		ADDED from superwechat\AndroidManifest.xml:359:13-52
	android:value
		ADDED from superwechat\AndroidManifest.xml:360:13-61